F:\所有自学测试\VistorManager\Debug\VistorManager.pdb
F:\所有自学测试\VistorManager\VistorManager\Debug\cl.command.1.tlog
F:\所有自学测试\VistorManager\VistorManager\Debug\CL.read.1.tlog
F:\所有自学测试\VistorManager\VistorManager\Debug\CL.write.1.tlog
F:\所有自学测试\VISTORMANAGER\VISTORMANAGER\DEBUG\CONECTTOMYSQL.OBJ
F:\所有自学测试\VistorManager\VistorManager\Debug\link.command.1.tlog
F:\所有自学测试\VistorManager\VistorManager\Debug\link.read.1.tlog
F:\所有自学测试\VistorManager\VistorManager\Debug\link.write.1.tlog
F:\所有自学测试\VistorManager\VistorManager\Debug\link-cvtres.read.1.tlog
F:\所有自学测试\VistorManager\VistorManager\Debug\link-cvtres.write.1.tlog
F:\所有自学测试\VISTORMANAGER\VISTORMANAGER\DEBUG\MAINFRAME.OBJ
F:\所有自学测试\VistorManager\VistorManager\Debug\rc.command.1.tlog
F:\所有自学测试\VistorManager\VistorManager\Debug\rc.read.1.tlog
F:\所有自学测试\VistorManager\VistorManager\Debug\rc.write.1.tlog
F:\所有自学测试\VISTORMANAGER\VISTORMANAGER\DEBUG\STDAFX.OBJ
F:\所有自学测试\VistorManager\VistorManager\Debug\vc100.idb
F:\所有自学测试\VISTORMANAGER\VISTORMANAGER\DEBUG\VC100.PDB
F:\所有自学测试\VistorManager\VistorManager\Debug\VistorManager.exe.embed.manifest
F:\所有自学测试\VISTORMANAGER\VISTORMANAGER\DEBUG\VISTORMANAGER.EXE.EMBED.MANIFEST.RES
F:\所有自学测试\VistorManager\VistorManager\Debug\VistorManager.exe.intermediate.manifest
F:\所有自学测试\VISTORMANAGER\VISTORMANAGER\DEBUG\VISTORMANAGER.OBJ
F:\所有自学测试\VISTORMANAGER\VISTORMANAGER\DEBUG\VISTORMANAGER.PCH
F:\所有自学测试\VISTORMANAGER\VISTORMANAGER\DEBUG\VISTORMANAGER.RES
F:\所有自学测试\VistorManager\VistorManager\Debug\VistorManager_manifest.rc
