生成启动时间为 2014-12-4 14:03:06。
     1>项目“F:\所有自学测试\VistorManager\VistorManager\VistorManager.vcxproj”在节点 2 上(build 个目标)。
     1>InitializeBuildStatus:
         正在创建“Debug\VistorManager.unsuccessfulbuild”，因为已指定“AlwaysCreate”。
       ClCompile:
         所有输出均为最新。
         C:\Program Files\Microsoft Visual Studio 10.0\VC\bin\CL.exe /c /IE:\Boost\boost_1_55_0\boost_1_55_0 /I"C:\Program Files\MySQL\MySQL Connector C++ 1.1.5\include" /ZI /nologo /W3 /WX- /Od /Oy- /D WIN32 /D _DEBUG /D _WINDOWS /D CPPCONN_PUBLIC_FUNC= /D _UNICODE /D UNICODE /Gm /EHsc /RTC1 /MDd /GS /fp:precise /Zc:wchar_t /Zc:forScope /Yu"StdAfx.h" /Fp"Debug\VistorManager.pch" /Fo"Debug\\" /Fd"Debug\vc100.pdb" /Gd /TP /analyze- /errorReport:prompt ConectToMySql.cpp
         ConectToMySql.cpp
       ResourceCompile:
         所有输出均为最新。
       ManifestResourceCompile:
         所有输出均为最新。
       Link:
         C:\Program Files\Microsoft Visual Studio 10.0\VC\bin\link.exe /ERRORREPORT:PROMPT /OUT:"F:\所有自学测试\VistorManager\Debug\VistorManager.exe" /INCREMENTAL /NOLOGO /LIBPATH:E:\Boost\boost_1_55_0\boost_1_55_0\stage\lib /LIBPATH:"C:\Program Files\MySQL\MySQL Connector C++ 1.1.5\lib\opt" "mysqlcppconn-static.lib" libmysql.lib kernel32.lib user32.lib gdi32.lib winspool.lib comdlg32.lib advapi32.lib shell32.lib ole32.lib oleaut32.lib uuid.lib odbc32.lib odbccp32.lib /MANIFEST /ManifestFile:"Debug\VistorManager.exe.intermediate.manifest" /MANIFESTUAC:"level='asInvoker' uiAccess='false'" /DEBUG /PDB:"F:\所有自学测试\VistorManager\Debug\VistorManager.pdb" /SUBSYSTEM:WINDOWS /TLBID:1 /DYNAMICBASE /NXCOMPAT /IMPLIB:"F:\所有自学测试\VistorManager\Debug\VistorManager.lib" /MACHINE:X86 Debug\VistorManager.res
         Debug\VistorManager.exe.embed.manifest.res
         Debug\ConectToMySql.obj
         Debug\MainFrame.obj
         Debug\stdafx.obj
         Debug\VistorManager.obj
       Manifest:
         C:\Program Files\Microsoft SDKs\Windows\v7.0A\bin\mt.exe /nologo /verbose /out:"Debug\VistorManager.exe.embed.manifest" /manifest Debug\VistorManager.exe.intermediate.manifest
         所有输出均为最新。
       LinkEmbedManifest:
         所有输出均为最新。
         VistorManager.vcxproj -> F:\所有自学测试\VistorManager\Debug\VistorManager.exe
       FinalizeBuildStatus:
         正在删除文件“Debug\VistorManager.unsuccessfulbuild”。
         正在对“Debug\VistorManager.lastbuildstate”执行 Touch 任务。
     1>已完成生成项目“F:\所有自学测试\VistorManager\VistorManager\VistorManager.vcxproj”(build 个目标)的操作。

生成成功。

已用时间 00:00:08.23
