生成启动时间为 2014-11-26 13:55:24。
     1>项目“F:\所有自学测试\MySeconedTryDuilib\MySeconedTryDuilib\MySeconedTryDuilib.vcxproj”在节点 2 上(build 个目标)。
     1>InitializeBuildStatus:
         正在对“Debug\MySeconedTryDuilib.unsuccessfulbuild”执行 Touch 任务。
       ClCompile:
         所有输出均为最新。
         C:\Program Files\Microsoft Visual Studio 10.0\VC\bin\CL.exe /c /ZI /nologo /W3 /WX- /Od /Oy- /D WIN32 /D _DEBUG /D _WINDOWS /D _UNICODE /D UNICODE /Gm /EHsc /RTC1 /MDd /GS /fp:precise /Zc:wchar_t /Zc:forScope /Yu"StdAfx.h" /Fp"Debug\MySeconedTryDuilib.pch" /Fo"Debug\\" /Fd"Debug\vc100.pdb" /Gd /TP /analyze- /errorReport:prompt MainFrame.cpp
         MainFrame.cpp
       ResourceCompile:
         所有输出均为最新。
       ManifestResourceCompile:
         所有输出均为最新。
       Link:
         C:\Program Files\Microsoft Visual Studio 10.0\VC\bin\link.exe /ERRORREPORT:PROMPT /OUT:"F:\所有自学测试\MySeconedTryDuilib\Debug\MySeconedTryDuilib.exe" /INCREMENTAL /NOLOGO kernel32.lib user32.lib gdi32.lib winspool.lib comdlg32.lib advapi32.lib shell32.lib ole32.lib oleaut32.lib uuid.lib odbc32.lib odbccp32.lib /MANIFEST /ManifestFile:"Debug\MySeconedTryDuilib.exe.intermediate.manifest" /MANIFESTUAC:"level='asInvoker' uiAccess='false'" /DEBUG /PDB:"F:\所有自学测试\MySeconedTryDuilib\Debug\MySeconedTryDuilib.pdb" /SUBSYSTEM:WINDOWS /TLBID:1 /DYNAMICBASE /NXCOMPAT /IMPLIB:"F:\所有自学测试\MySeconedTryDuilib\Debug\MySeconedTryDuilib.lib" /MACHINE:X86 Debug\MySeconedTryDuilib.res
         Debug\MySeconedTryDuilib.exe.embed.manifest.res
         Debug\MainFrame.obj
         Debug\MySeconedTryDuilib.obj
         Debug\stdafx.obj
       Manifest:
         C:\Program Files\Microsoft SDKs\Windows\v7.0A\bin\mt.exe /nologo /verbose /out:"Debug\MySeconedTryDuilib.exe.embed.manifest" /manifest Debug\MySeconedTryDuilib.exe.intermediate.manifest
         所有输出均为最新。
       LinkEmbedManifest:
         所有输出均为最新。
         MySeconedTryDuilib.vcxproj -> F:\所有自学测试\MySeconedTryDuilib\Debug\MySeconedTryDuilib.exe
       FinalizeBuildStatus:
         正在删除文件“Debug\MySeconedTryDuilib.unsuccessfulbuild”。
         正在对“Debug\MySeconedTryDuilib.lastbuildstate”执行 Touch 任务。
     1>已完成生成项目“F:\所有自学测试\MySeconedTryDuilib\MySeconedTryDuilib\MySeconedTryDuilib.vcxproj”(build 个目标)的操作。

生成成功。

已用时间 00:00:00.73
