F:\所有自学测试\MYSECONEDTRYDUILIB\DEBUG\MYSECONEDTRYDUILIB.EXE
F:\所有自学测试\MYSECONEDTRYDUILIB\DEBUG\MYSECONEDTRYDUILIB.ILK
F:\所有自学测试\MYSECONEDTRYDUILIB\DEBUG\MYSECONEDTRYDUILIB.PDB
F:\所有自学测试\MySeconedTryDuilib\MySeconedTryDuilib\Debug\cl.command.1.tlog
F:\所有自学测试\MySeconedTryDuilib\MySeconedTryDuilib\Debug\CL.read.1.tlog
F:\所有自学测试\MySeconedTryDuilib\MySeconedTryDuilib\Debug\CL.write.1.tlog
F:\所有自学测试\MySeconedTryDuilib\MySeconedTryDuilib\Debug\link.5184.read.1.tlog
F:\所有自学测试\MySeconedTryDuilib\MySeconedTryDuilib\Debug\link.5184.write.1.tlog
F:\所有自学测试\MySeconedTryDuilib\MySeconedTryDuilib\Debug\link.5184-cvtres.read.1.tlog
F:\所有自学测试\MySeconedTryDuilib\MySeconedTryDuilib\Debug\link.5184-cvtres.write.1.tlog
F:\所有自学测试\MySeconedTryDuilib\MySeconedTryDuilib\Debug\link.command.1.tlog
F:\所有自学测试\MySeconedTryDuilib\MySeconedTryDuilib\Debug\link.read.1.tlog
F:\所有自学测试\MySeconedTryDuilib\MySeconedTryDuilib\Debug\link.write.1.tlog
F:\所有自学测试\MySeconedTryDuilib\MySeconedTryDuilib\Debug\link-cvtres.read.1.tlog
F:\所有自学测试\MySeconedTryDuilib\MySeconedTryDuilib\Debug\link-cvtres.write.1.tlog
F:\所有自学测试\MYSECONEDTRYDUILIB\MYSECONEDTRYDUILIB\DEBUG\MAINFRAME.OBJ
F:\所有自学测试\MySeconedTryDuilib\MySeconedTryDuilib\Debug\mt.command.1.tlog
F:\所有自学测试\MySeconedTryDuilib\MySeconedTryDuilib\Debug\mt.read.1.tlog
F:\所有自学测试\MySeconedTryDuilib\MySeconedTryDuilib\Debug\mt.write.1.tlog
F:\所有自学测试\MYSECONEDTRYDUILIB\MYSECONEDTRYDUILIB\DEBUG\MYSECONEDTRYDUILIB.EXE.EMBED.MANIFEST
F:\所有自学测试\MYSECONEDTRYDUILIB\MYSECONEDTRYDUILIB\DEBUG\MYSECONEDTRYDUILIB.EXE.EMBED.MANIFEST.RES
F:\所有自学测试\MYSECONEDTRYDUILIB\MYSECONEDTRYDUILIB\DEBUG\MYSECONEDTRYDUILIB.EXE.INTERMEDIATE.MANIFEST
F:\所有自学测试\MYSECONEDTRYDUILIB\MYSECONEDTRYDUILIB\DEBUG\MYSECONEDTRYDUILIB.OBJ
F:\所有自学测试\MYSECONEDTRYDUILIB\MYSECONEDTRYDUILIB\DEBUG\MYSECONEDTRYDUILIB.PCH
F:\所有自学测试\MYSECONEDTRYDUILIB\MYSECONEDTRYDUILIB\DEBUG\MYSECONEDTRYDUILIB.RES
F:\所有自学测试\MySeconedTryDuilib\MySeconedTryDuilib\Debug\MySeconedTryDuilib_manifest.rc
F:\所有自学测试\MySeconedTryDuilib\MySeconedTryDuilib\Debug\rc.command.1.tlog
F:\所有自学测试\MySeconedTryDuilib\MySeconedTryDuilib\Debug\rc.read.1.tlog
F:\所有自学测试\MySeconedTryDuilib\MySeconedTryDuilib\Debug\rc.write.1.tlog
F:\所有自学测试\MYSECONEDTRYDUILIB\MYSECONEDTRYDUILIB\DEBUG\STDAFX.OBJ
F:\所有自学测试\MySeconedTryDuilib\MySeconedTryDuilib\Debug\vc100.idb
F:\所有自学测试\MYSECONEDTRYDUILIB\MYSECONEDTRYDUILIB\DEBUG\VC100.PDB
