生成启动时间为 2014-11-29 15:50:33。
     1>项目“F:\所有自学测试\VistorManager\DuiLib\DuiLib\DuiLib.vcxproj”在节点 2 上(rebuild 个目标)。
     1>_PrepareForClean:
         正在删除文件“..\Temp\Debug\DuiLib.lastbuildstate”。
       InitializeBuildStatus:
         正在创建“..\Temp\Debug\DuiLib.unsuccessfulbuild”，因为已指定“AlwaysCreate”。
       ClCompile:
         C:\Program Files\Microsoft Visual Studio 10.0\VC\bin\CL.exe /c /Zi /nologo /W3 /WX- /Od /Oy- /D WIN32 /D _DEBUG /D _WINDOWS /D UILIB_EXPORTS /D _VC80_UPGRADE=0x0600 /D _WINDLL /D _UNICODE /D UNICODE /Gm /EHsc /RTC1 /MTd /GS /fp:precise /Zc:wchar_t /Zc:forScope /Yc"stdafx.h" /Fp".\Build\Debug/DuiLib.pch" /Fo"..\Temp\Debug\\" /Fd"..\Temp\Debug\vc100.pdb" /Gd /TP /analyze- /errorReport:prompt StdAfx.cpp
         StdAfx.cpp
         C:\Program Files\Microsoft Visual Studio 10.0\VC\bin\CL.exe /c /Zi /nologo /W3 /WX- /Od /Oy- /D WIN32 /D _DEBUG /D _WINDOWS /D UILIB_EXPORTS /D _VC80_UPGRADE=0x0600 /D _WINDLL /D _UNICODE /D UNICODE /Gm /EHsc /RTC1 /MTd /GS /fp:precise /Zc:wchar_t /Zc:forScope /Yu"stdafx.h" /Fp".\Build\Debug/DuiLib.pch" /Fo"..\Temp\Debug\\" /Fd"..\Temp\Debug\vc100.pdb" /Gd /TP /analyze- /errorReport:prompt UIlib.cpp Utils\WinImplBase.cpp Utils\UIDelegate.cpp Utils\Utils.cpp Core\UIBase.cpp Core\UIContainer.cpp Core\UIControl.cpp Core\UIDlgBuilder.cpp Core\UIManager.cpp Core\UIMarkup.cpp Core\UIRender.cpp Layout\UIChildLayout.cpp Layout\UIHorizontalLayout.cpp Layout\UITabLayout.cpp Layout\UITileLayout.cpp Layout\UIVerticalLayout.cpp Control\UIActiveX.cpp Control\UIButton.cpp Control\UICheckBox.cpp Control\UICombo.cpp Control\UIComboBox.cpp Control\UIDateTime.cpp Control\UIEdit.cpp Control\UIFlash.cpp Control\UILabel.cpp Control\UIList.cpp Control\UIOption.cpp Control\UIProgress.cpp Control\UIRichEdit.cpp Control\UIScrollBar.cpp Control\UISlider.cpp Control\UIText.cpp Control\UITreeView.cpp Control\UIWebBrowser.cpp
         UIWebBrowser.cpp
         UITreeView.cpp
         UIText.cpp
         UISlider.cpp
         UIScrollBar.cpp
         UIRichEdit.cpp
         UIProgress.cpp
         UIOption.cpp
         UIList.cpp
         UILabel.cpp
         UIFlash.cpp
         UIEdit.cpp
         UIDateTime.cpp
         UIComboBox.cpp
         UICombo.cpp
         UICheckBox.cpp
         UIButton.cpp
         UIActiveX.cpp
         UIVerticalLayout.cpp
         UITileLayout.cpp
         正在生成代码...
         正在编译...
         UITabLayout.cpp
         UIHorizontalLayout.cpp
         UIChildLayout.cpp
         UIRender.cpp
         UIMarkup.cpp
         UIManager.cpp
         UIDlgBuilder.cpp
         UIControl.cpp
         UIContainer.cpp
         UIBase.cpp
         Utils.cpp
         UIDelegate.cpp
         WinImplBase.cpp
         UIlib.cpp
         正在生成代码...
         C:\Program Files\Microsoft Visual Studio 10.0\VC\bin\CL.exe /c /Zi /nologo /W3 /WX- /Od /Oy- /D WIN32 /D _DEBUG /D _WINDOWS /D UILIB_EXPORTS /D _VC80_UPGRADE=0x0600 /D _WINDLL /D _UNICODE /D UNICODE /Gm /EHsc /RTC1 /MTd /GS /fp:precise /Zc:wchar_t /Zc:forScope /Fo"..\Temp\Debug\\" /Fd"..\Temp\Debug\vc100.pdb" /Gd /TC /analyze- /errorReport:prompt Utils\stb_image.c
         stb_image.c
         C:\Program Files\Microsoft Visual Studio 10.0\VC\bin\CL.exe /c /Zi /nologo /W3 /WX- /Od /Oy- /D WIN32 /D _DEBUG /D _WINDOWS /D UILIB_EXPORTS /D _VC80_UPGRADE=0x0600 /D _WINDLL /D _UNICODE /D UNICODE /Gm /EHsc /RTC1 /MTd /GS /fp:precise /Zc:wchar_t /Zc:forScope /Fo"..\Temp\Debug\\" /Fd"..\Temp\Debug\vc100.pdb" /Gd /TP /analyze- /errorReport:prompt Utils\XUnzip.cpp
         XUnzip.cpp
     1>C:\Program Files\MSBuild\Microsoft.Cpp\v4.0\Microsoft.CppBuild.targets(990,5): warning MSB8012: TargetPath(F:\所有自学测试\VistorManager\DuiLib\DuiLib\..\dll\DuiLib_u.dll) 与 Linker 的 OutputFile 属性值(F:\所有自学测试\VistorManager\DuiLib\dll\DuiLib_d.dll)不匹配。这可能导致项目生成不正确。若要更正此问题，请确保 $(OutDir)、$(TargetName) 和 $(TargetExt) 属性值与 %(Link.OutputFile) 中指定的值匹配。
     1>C:\Program Files\MSBuild\Microsoft.Cpp\v4.0\Microsoft.CppBuild.targets(992,5): warning MSB8012: TargetName(DuiLib_u) 与 Linker 的 OutputFile 属性值(DuiLib_d)不匹配。这可能导致项目生成不正确。若要更正此问题，请确保 $(OutDir)、$(TargetName) 和 $(TargetExt) 属性值与 %(Link.OutputFile) 中指定的值匹配。
       Link:
         C:\Program Files\Microsoft Visual Studio 10.0\VC\bin\link.exe /ERRORREPORT:PROMPT /OUT:"../dll/DuiLib_d.dll" /INCREMENTAL:NO /NOLOGO /LIBPATH:.\lib kernel32.lib user32.lib gdi32.lib winspool.lib comdlg32.lib advapi32.lib shell32.lib ole32.lib oleaut32.lib uuid.lib odbc32.lib odbccp32.lib /MANIFEST:NO /DEBUG /PDB:"..\dll\DuiLib_u.pdb" /TLBID:1 /BASE:"0x11000000" /DYNAMICBASE /NXCOMPAT /IMPLIB:"../lib/DuiLib_d.lib" /MACHINE:X86 /DLL ..\Temp\Debug\StdAfx.obj
         ..\Temp\Debug\UIlib.obj
         ..\Temp\Debug\WinImplBase.obj
         ..\Temp\Debug\stb_image.obj
         ..\Temp\Debug\UIDelegate.obj
         ..\Temp\Debug\Utils.obj
         ..\Temp\Debug\XUnzip.obj
         ..\Temp\Debug\UIBase.obj
         ..\Temp\Debug\UIContainer.obj
         ..\Temp\Debug\UIControl.obj
         ..\Temp\Debug\UIDlgBuilder.obj
         ..\Temp\Debug\UIManager.obj
         ..\Temp\Debug\UIMarkup.obj
         ..\Temp\Debug\UIRender.obj
         ..\Temp\Debug\UIChildLayout.obj
         ..\Temp\Debug\UIHorizontalLayout.obj
         ..\Temp\Debug\UITabLayout.obj
         ..\Temp\Debug\UITileLayout.obj
         ..\Temp\Debug\UIVerticalLayout.obj
         ..\Temp\Debug\UIActiveX.obj
         ..\Temp\Debug\UIButton.obj
         ..\Temp\Debug\UICheckBox.obj
         ..\Temp\Debug\UICombo.obj
         ..\Temp\Debug\UIComboBox.obj
         ..\Temp\Debug\UIDateTime.obj
         ..\Temp\Debug\UIEdit.obj
         ..\Temp\Debug\UIFlash.obj
         ..\Temp\Debug\UILabel.obj
         ..\Temp\Debug\UIList.obj
         ..\Temp\Debug\UIOption.obj
         ..\Temp\Debug\UIProgress.obj
         ..\Temp\Debug\UIRichEdit.obj
         ..\Temp\Debug\UIScrollBar.obj
         ..\Temp\Debug\UISlider.obj
         ..\Temp\Debug\UIText.obj
         ..\Temp\Debug\UITreeView.obj
         ..\Temp\Debug\UIWebBrowser.obj
            正在创建库 ../lib/DuiLib_d.lib 和对象 ../lib/DuiLib_d.exp
         DuiLib.vcxproj -> F:\所有自学测试\VistorManager\DuiLib\DuiLib\..\dll\DuiLib_u.dll
       FinalizeBuildStatus:
         正在删除文件“..\Temp\Debug\DuiLib.unsuccessfulbuild”。
         正在对“..\Temp\Debug\DuiLib.lastbuildstate”执行 Touch 任务。
     1>已完成生成项目“F:\所有自学测试\VistorManager\DuiLib\DuiLib\DuiLib.vcxproj”(rebuild 个目标)的操作。

生成成功。

已用时间 00:00:04.79
