..\dll\DuiLib_u.pdb
F:\所有自学测试\VISTORMANAGER\DUILIB\DLL\DUILIB_D.DLL
F:\所有自学测试\VISTORMANAGER\DUILIB\DLL\DUILIB_U.PDB
F:\所有自学测试\VISTORMANAGER\DUILIB\DUILIB\BUILD\DEBUG\DUILIB.PCH
F:\所有自学测试\VistorManager\DuiLib\lib\DuiLib_d.exp
F:\所有自学测试\VistorManager\DuiLib\lib\DuiLib_d.lib
F:\所有自学测试\VistorManager\DuiLib\Temp\Debug\cl.command.1.tlog
F:\所有自学测试\VistorManager\DuiLib\Temp\Debug\CL.read.1.tlog
F:\所有自学测试\VistorManager\DuiLib\Temp\Debug\CL.write.1.tlog
F:\所有自学测试\VistorManager\DuiLib\Temp\Debug\DuiLib.write.1.tlog
F:\所有自学测试\VistorManager\DuiLib\Temp\Debug\link.command.1.tlog
F:\所有自学测试\VistorManager\DuiLib\Temp\Debug\link.read.1.tlog
F:\所有自学测试\VistorManager\DuiLib\Temp\Debug\link.write.1.tlog
F:\所有自学测试\VISTORMANAGER\DUILIB\TEMP\DEBUG\STB_IMAGE.OBJ
F:\所有自学测试\VISTORMANAGER\DUILIB\TEMP\DEBUG\STDAFX.OBJ
F:\所有自学测试\VISTORMANAGER\DUILIB\TEMP\DEBUG\UIACTIVEX.OBJ
F:\所有自学测试\VISTORMANAGER\DUILIB\TEMP\DEBUG\UIBASE.OBJ
F:\所有自学测试\VISTORMANAGER\DUILIB\TEMP\DEBUG\UIBUTTON.OBJ
F:\所有自学测试\VISTORMANAGER\DUILIB\TEMP\DEBUG\UICHECKBOX.OBJ
F:\所有自学测试\VISTORMANAGER\DUILIB\TEMP\DEBUG\UICHILDLAYOUT.OBJ
F:\所有自学测试\VISTORMANAGER\DUILIB\TEMP\DEBUG\UICOMBO.OBJ
F:\所有自学测试\VISTORMANAGER\DUILIB\TEMP\DEBUG\UICOMBOBOX.OBJ
F:\所有自学测试\VISTORMANAGER\DUILIB\TEMP\DEBUG\UICONTAINER.OBJ
F:\所有自学测试\VISTORMANAGER\DUILIB\TEMP\DEBUG\UICONTROL.OBJ
F:\所有自学测试\VISTORMANAGER\DUILIB\TEMP\DEBUG\UIDATETIME.OBJ
F:\所有自学测试\VISTORMANAGER\DUILIB\TEMP\DEBUG\UIDELEGATE.OBJ
F:\所有自学测试\VISTORMANAGER\DUILIB\TEMP\DEBUG\UIDLGBUILDER.OBJ
F:\所有自学测试\VISTORMANAGER\DUILIB\TEMP\DEBUG\UIEDIT.OBJ
F:\所有自学测试\VISTORMANAGER\DUILIB\TEMP\DEBUG\UIFLASH.OBJ
F:\所有自学测试\VISTORMANAGER\DUILIB\TEMP\DEBUG\UIHORIZONTALLAYOUT.OBJ
F:\所有自学测试\VISTORMANAGER\DUILIB\TEMP\DEBUG\UILABEL.OBJ
F:\所有自学测试\VISTORMANAGER\DUILIB\TEMP\DEBUG\UILIB.OBJ
F:\所有自学测试\VISTORMANAGER\DUILIB\TEMP\DEBUG\UILIST.OBJ
F:\所有自学测试\VISTORMANAGER\DUILIB\TEMP\DEBUG\UIMANAGER.OBJ
F:\所有自学测试\VISTORMANAGER\DUILIB\TEMP\DEBUG\UIMARKUP.OBJ
F:\所有自学测试\VISTORMANAGER\DUILIB\TEMP\DEBUG\UIOPTION.OBJ
F:\所有自学测试\VISTORMANAGER\DUILIB\TEMP\DEBUG\UIPROGRESS.OBJ
F:\所有自学测试\VISTORMANAGER\DUILIB\TEMP\DEBUG\UIRENDER.OBJ
F:\所有自学测试\VISTORMANAGER\DUILIB\TEMP\DEBUG\UIRICHEDIT.OBJ
F:\所有自学测试\VISTORMANAGER\DUILIB\TEMP\DEBUG\UISCROLLBAR.OBJ
F:\所有自学测试\VISTORMANAGER\DUILIB\TEMP\DEBUG\UISLIDER.OBJ
F:\所有自学测试\VISTORMANAGER\DUILIB\TEMP\DEBUG\UITABLAYOUT.OBJ
F:\所有自学测试\VISTORMANAGER\DUILIB\TEMP\DEBUG\UITEXT.OBJ
F:\所有自学测试\VISTORMANAGER\DUILIB\TEMP\DEBUG\UITILELAYOUT.OBJ
F:\所有自学测试\VISTORMANAGER\DUILIB\TEMP\DEBUG\UITREEVIEW.OBJ
F:\所有自学测试\VISTORMANAGER\DUILIB\TEMP\DEBUG\UIVERTICALLAYOUT.OBJ
F:\所有自学测试\VISTORMANAGER\DUILIB\TEMP\DEBUG\UIWEBBROWSER.OBJ
F:\所有自学测试\VISTORMANAGER\DUILIB\TEMP\DEBUG\UTILS.OBJ
F:\所有自学测试\VistorManager\DuiLib\Temp\Debug\vc100.idb
F:\所有自学测试\VISTORMANAGER\DUILIB\TEMP\DEBUG\VC100.PDB
F:\所有自学测试\VISTORMANAGER\DUILIB\TEMP\DEBUG\WINIMPLBASE.OBJ
F:\所有自学测试\VISTORMANAGER\DUILIB\TEMP\DEBUG\XUNZIP.OBJ
